[18:21:41] [main/INFO] (FabricLoader/GameProvider) Loading Minecraft 1.20.1 with Fabric Loader 0.14.21
[18:21:41] [main/INFO] (FabricLoader) Loading 47 mods:
	- additionalentityattributes 1.3.0+1.20.0
	- apoli 2.9.0
	- calio 1.11.0
	- cardinal-components-base 5.2.1
	- cardinal-components-entity 5.2.1
	- cloth-basic-math 0.6.1
	- cloth-config 11.0.99
	- fabric-api 0.84.0+1.20.1
	- fabric-api-base 0.4.29+b04edc7a77
	- fabric-api-lookup-api-v1 1.6.34+4d8536c977
	- fabric-biome-api-v1 13.0.10+b3afc78b77
	- fabric-block-api-v1 1.0.9+e022e5d177
	- fabric-command-api-v2 2.2.11+b3afc78b77
	- fabric-content-registries-v0 4.0.7+b3afc78b77
	- fabric-convention-tags-v1 1.5.3+b3afc78b77
	- fabric-crash-report-info-v1 0.2.18+aeb40ebe77
	- fabric-data-generation-api-v1 12.1.11+b3afc78b77
	- fabric-dimensions-v1 2.1.51+b3afc78b77
	- fabric-entity-events-v1 1.5.21+b3afc78b77
	- fabric-events-interaction-v0 0.6.0+b3afc78b77
	- fabric-game-rule-api-v1 1.0.38+b04edc7a77
	- fabric-gametest-api-v1 1.2.10+b3afc78b77
	- fabric-item-api-v1 2.1.26+b3afc78b77
	- fabric-item-group-api-v1 4.0.7+b3afc78b77
	- fabric-lifecycle-events-v1 2.2.20+b3afc78b77
	- fabric-loot-api-v2 1.1.37+b3afc78b77
	- fabric-message-api-v1 5.1.6+b3afc78b77
	- fabric-mining-level-api-v1 2.1.47+b3afc78b77
	- fabric-networking-api-v1 1.3.8+b3afc78b77
	- fabric-object-builder-api-v1 11.0.6+b3afc78b77
	- fabric-particles-v1 1.0.28+b3afc78b77
	- fabric-recipe-api-v1 1.0.18+b3afc78b77
	- fabric-registry-sync-v0 2.2.6+b3afc78b77
	- fabric-rendering-data-attachment-v1 0.3.33+b3afc78b77
	- fabric-rendering-fluids-v1 3.0.26+b3afc78b77
	- fabric-resource-conditions-api-v1 2.3.5+ea08f9d877
	- fabric-resource-loader-v0 0.11.7+f7923f6d77
	- fabric-screen-handler-api-v1 1.3.27+b3afc78b77
	- fabric-transfer-api-v1 3.2.2+b3afc78b77
	- fabric-transitive-access-wideners-v1 4.2.0+b3afc78b77
	- fabricloader 0.14.21
	- java 17
	- minecraft 1.20.1
	- origin-cap 2.0
	- origins 1.10.0
	- playerabilitylib 1.8.0
	- reach-entity-attributes 2.4.0
[18:21:42] [main/INFO] (FabricLoader/Mixin) SpongePowered MIXIN Subsystem Version=0.8.5 Source=file:/home/chr/.gradle/caches/modules-2/files-2.1/net.fabricmc/sponge-mixin/0.12.5+mixin.0.8.5/8d31fb97c3e0cd7c8dad3441851c523bcfae6d8e/sponge-mixin-0.12.5+mixin.0.8.5.jar Service=Knot/Fabric Env=SERVER
[18:21:42] [main/INFO] (FabricLoader/Mixin) Loaded Fabric development mappings for mixin remapper!
[18:21:42] [main/INFO] (FabricLoader/Mixin) Compatibility level set to JAVA_17
[18:21:47] [main/INFO] (Apoli) Apoli 2.9.0 has initialized. Ready to power up your game!
[18:21:47] [main/INFO] (Origins) Origins 1.10.0 is initializing. Have fun!
[18:21:48] [main/INFO] (Minecraft) Environment: authHost='https://authserver.mojang.com', accountsHost='https://api.mojang.com', sessionHost='https://sessionserver.mojang.com', servicesHost='https://api.minecraftservices.com', name='PROD'
[18:21:49] [main/INFO] (Minecraft) Loaded 7 recipes
[18:21:49] [main/INFO] (Minecraft) Loaded 1273 advancements
[18:21:49] [main/INFO] (Apoli) Finished loading powers from data files. Registry contains 76 powers.
[18:21:49] [main/INFO] (Origins) Finished loading origins from data files. Registry contains 11 origins.
[18:21:49] [main/INFO] (Origins) Trying to read layer file: origins:origin
[18:21:49] [main/INFO] (Origins) Finished loading origin layers from data files. Read 1 layers.
[18:21:49] [main/INFO] (Apoli) Loaded 0 global power sets.
[18:21:49] [main/INFO] (BiomeModificationImpl) Applied 0 biome modifications to 0 of 64 new biomes in 1.277 ms
[18:21:49] [Server thread/INFO] (Minecraft) Starting minecraft server version 1.20.1
[18:21:49] [Server thread/INFO] (Minecraft) Loading properties
[18:21:49] [Server thread/INFO] (Minecraft) Default game type: SURVIVAL
[18:21:49] [Server thread/INFO] (Minecraft) Generating keypair
[18:21:49] [Server thread/INFO] (Minecraft) Starting Minecraft server on *:25565
[18:21:50] [Server thread/INFO] (Minecraft) Using epoll channel type
[18:21:50] [Server thread/INFO] (Minecraft) Preparing level "world"
[18:21:51] [Server thread/INFO] (Minecraft) Preparing start region for dimension minecraft:overworld
[18:21:52] [Worker-Main-5/INFO] (Minecraft) Preparing spawn area: 0%
[18:21:52] [Worker-Main-6/INFO] (Minecraft) Preparing spawn area: 0%
[18:21:52] [Worker-Main-6/INFO] (Minecraft) Preparing spawn area: 0%
[18:21:52] [Worker-Main-13/INFO] (Minecraft) Preparing spawn area: 0%
[18:21:53] [Worker-Main-10/INFO] (Minecraft) Preparing spawn area: 0%
[18:21:53] [Worker-Main-6/INFO] (Minecraft) Preparing spawn area: 20%
[18:21:54] [Server thread/INFO] (Minecraft) Time elapsed: 3539 ms
[18:21:54] [Server thread/INFO] (Minecraft) Done (4.530s)! For help, type "help"
[18:22:10] [User Authenticator #1/INFO] (Minecraft) UUID of player NotStable is c73e6e24-8fbc-40a7-aa4d-be015c088d86
[18:22:10] [Server thread/INFO] (Minecraft) NotStable[/127.0.0.1:57042] logged in with entity id 183 at (17.57357448134235, 68.0, 44.88365516194139)
[18:22:10] [Server thread/INFO] (Minecraft) NotStable joined the game
[18:22:14] [Server thread/INFO] (Origins) Player literal{NotStable} chose Origin: origins:shulk, for layer: origins:origin
[18:22:21] [Server thread/INFO] (Minecraft) [NotStable: Cap printed successfully.]
[18:22:48] [Server thread/INFO] (Origins) Player literal{NotStable} chose Origin: origins:enderian, for layer: origins:origin
[18:22:52] [Server thread/INFO] (Minecraft) [NotStable: Cap printed successfully.]
[18:23:19] [Server thread/INFO] (Minecraft) [NotStable: Origin added successfully.]
[18:23:23] [Server thread/INFO] (Origins) Player literal{NotStable} chose Origin: origins:feline, for layer: origins:origin
[18:23:32] [Server thread/INFO] (Minecraft) [NotStable: Origin removed successfully.]
[18:23:37] [Server thread/INFO] (Minecraft) [NotStable: Layers listed successfully.]
[18:23:48] [Server thread/INFO] (Minecraft) NotStable lost connection: Disconnected
[18:23:48] [Server thread/INFO] (Minecraft) NotStable left the game
